<?xml version="1.0" encoding="UTF-8"?>
<testsuite xmlns:xsi="http://www.w3.org/2001/XMLSchema-instance" xsi:noNamespaceSchemaLocation="https://maven.apache.org/surefire/maven-surefire-plugin/xsd/surefire-test-report.xsd" name="com.parkit.parkingsystem.FareCalculatorServiceTest" time="0.184" tests="11" errors="0" skipped="0" failures="0">
  <properties>
    <property name="java.specification.version" value="19"/>
    <property name="sun.jnu.encoding" value="UTF-8"/>
    <property name="java.class.path" value="/Users/pierre-antoine.potage/Desktop/Project/OC/P4/Openclassrooms_project_4/target/test-classes:/Users/pierre-antoine.potage/Desktop/Project/OC/P4/Openclassrooms_project_4/target/classes:/Users/pierre-antoine.potage/.m2/repository/org/apache/logging/log4j/log4j-api/2.19.0/log4j-api-2.19.0.jar:/Users/pierre-antoine.potage/.m2/repository/org/apache/logging/log4j/log4j-core/2.19.0/log4j-core-2.19.0.jar:/Users/pierre-antoine.potage/.m2/repository/mysql/mysql-connector-java/8.0.30/mysql-connector-java-8.0.30.jar:/Users/pierre-antoine.potage/.m2/repository/com/google/protobuf/protobuf-java/3.19.4/protobuf-java-3.19.4.jar:/Users/pierre-antoine.potage/.m2/repository/org/junit/jupiter/junit-jupiter-api/5.9.0/junit-jupiter-api-5.9.0.jar:/Users/pierre-antoine.potage/.m2/repository/org/opentest4j/opentest4j/1.2.0/opentest4j-1.2.0.jar:/Users/pierre-antoine.potage/.m2/repository/org/junit/platform/junit-platform-commons/1.9.0/junit-platform-commons-1.9.0.jar:/Users/pierre-antoine.potage/.m2/repository/org/apiguardian/apiguardian-api/1.1.2/apiguardian-api-1.1.2.jar:/Users/pierre-antoine.potage/.m2/repository/org/junit/jupiter/junit-jupiter-engine/5.9.0/junit-jupiter-engine-5.9.0.jar:/Users/pierre-antoine.potage/.m2/repository/org/junit/platform/junit-platform-engine/1.9.0/junit-platform-engine-1.9.0.jar:/Users/pierre-antoine.potage/.m2/repository/org/mockito/mockito-junit-jupiter/4.8.0/mockito-junit-jupiter-4.8.0.jar:/Users/pierre-antoine.potage/.m2/repository/org/mockito/mockito-core/4.8.0/mockito-core-4.8.0.jar:/Users/pierre-antoine.potage/.m2/repository/net/bytebuddy/byte-buddy/1.12.14/byte-buddy-1.12.14.jar:/Users/pierre-antoine.potage/.m2/repository/net/bytebuddy/byte-buddy-agent/1.12.14/byte-buddy-agent-1.12.14.jar:/Users/pierre-antoine.potage/.m2/repository/org/objenesis/objenesis/3.2/objenesis-3.2.jar:/Users/pierre-antoine.potage/.m2/repository/org/jacoco/jacoco-maven-plugin/0.8.8/jacoco-maven-plugin-0.8.8.jar:/Users/pierre-antoine.potage/.m2/repository/org/codehaus/plexus/plexus-utils/3.0.22/plexus-utils-3.0.22.jar:/Users/pierre-antoine.potage/.m2/repository/org/apache/maven/shared/file-management/1.2.1/file-management-1.2.1.jar:/Users/pierre-antoine.potage/.m2/repository/org/apache/maven/shared/maven-shared-io/1.1/maven-shared-io-1.1.jar:/Users/pierre-antoine.potage/.m2/repository/org/apache/maven/wagon/wagon-provider-api/1.0-alpha-6/wagon-provider-api-1.0-alpha-6.jar:/Users/pierre-antoine.potage/.m2/repository/org/codehaus/plexus/plexus-container-default/1.0-alpha-9/plexus-container-default-1.0-alpha-9.jar:/Users/pierre-antoine.potage/.m2/repository/junit/junit/3.8.1/junit-3.8.1.jar:/Users/pierre-antoine.potage/.m2/repository/classworlds/classworlds/1.1-alpha-2/classworlds-1.1-alpha-2.jar:/Users/pierre-antoine.potage/.m2/repository/org/apache/maven/reporting/maven-reporting-api/3.0/maven-reporting-api-3.0.jar:/Users/pierre-antoine.potage/.m2/repository/org/jacoco/org.jacoco.agent/0.8.8/org.jacoco.agent-0.8.8-runtime.jar:/Users/pierre-antoine.potage/.m2/repository/org/jacoco/org.jacoco.core/0.8.8/org.jacoco.core-0.8.8.jar:/Users/pierre-antoine.potage/.m2/repository/org/jacoco/org.jacoco.report/0.8.8/org.jacoco.report-0.8.8.jar:/Users/pierre-antoine.potage/.m2/repository/org/apache/maven/plugins/maven-site-plugin/3.12.0/maven-site-plugin-3.12.0.jar:/Users/pierre-antoine.potage/.m2/repository/org/apache/maven/reporting/maven-reporting-exec/1.6.0/maven-reporting-exec-1.6.0.jar:/Users/pierre-antoine.potage/.m2/repository/org/apache/maven/maven-artifact/3.2.5/maven-artifact-3.2.5.jar:/Users/pierre-antoine.potage/.m2/repository/org/apache/maven/maven-core/3.2.5/maven-core-3.2.5.jar:/Users/pierre-antoine.potage/.m2/repository/org/apache/maven/maven-repository-metadata/3.2.5/maven-repository-metadata-3.2.5.jar:/Users/pierre-antoine.potage/.m2/repository/org/apache/maven/maven-model-builder/3.2.5/maven-model-builder-3.2.5.jar:/Users/pierre-antoine.potage/.m2/repository/org/apache/maven/maven-aether-provider/3.2.5/maven-aether-provider-3.2.5.jar:/Users/pierre-antoine.potage/.m2/repository/org/eclipse/aether/aether-spi/1.0.0.v20140518/aether-spi-1.0.0.v20140518.jar:/Users/pierre-antoine.potage/.m2/repository/org/eclipse/aether/aether-impl/1.0.0.v20140518/aether-impl-1.0.0.v20140518.jar:/Users/pierre-antoine.potage/.m2/repository/org/eclipse/aether/aether-api/1.0.0.v20140518/aether-api-1.0.0.v20140518.jar:/Users/pierre-antoine.potage/.m2/repository/org/eclipse/sisu/org.eclipse.sisu.plexus/0.3.0.M1/org.eclipse.sisu.plexus-0.3.0.M1.jar:/Users/pierre-antoine.potage/.m2/repository/javax/enterprise/cdi-api/1.0/cdi-api-1.0.jar:/Users/pierre-antoine.potage/.m2/repository/javax/annotation/jsr250-api/1.0/jsr250-api-1.0.jar:/Users/pierre-antoine.potage/.m2/repository/org/eclipse/sisu/org.eclipse.sisu.inject/0.3.0.M1/org.eclipse.sisu.inject-0.3.0.M1.jar:/Users/pierre-antoine.potage/.m2/repository/org/sonatype/sisu/sisu-guice/3.2.3/sisu-guice-3.2.3-no_aop.jar:/Users/pierre-antoine.potage/.m2/repository/javax/inject/javax.inject/1/javax.inject-1.jar:/Users/pierre-antoine.potage/.m2/repository/aopalliance/aopalliance/1.0/aopalliance-1.0.jar:/Users/pierre-antoine.potage/.m2/repository/com/google/guava/guava/16.0.1/guava-16.0.1.jar:/Users/pierre-antoine.potage/.m2/repository/org/codehaus/plexus/plexus-classworlds/2.5.2/plexus-classworlds-2.5.2.jar:/Users/pierre-antoine.potage/.m2/repository/org/sonatype/plexus/plexus-sec-dispatcher/1.3/plexus-sec-dispatcher-1.3.jar:/Users/pierre-antoine.potage/.m2/repository/org/sonatype/plexus/plexus-cipher/1.4/plexus-cipher-1.4.jar:/Users/pierre-antoine.potage/.m2/repository/org/apache/maven/maven-settings/3.2.5/maven-settings-3.2.5.jar:/Users/pierre-antoine.potage/.m2/repository/org/apache/maven/maven-settings-builder/3.2.5/maven-settings-builder-3.2.5.jar:/Users/pierre-antoine.potage/.m2/repository/org/eclipse/aether/aether-util/1.0.0.v20140518/aether-util-1.0.0.v20140518.jar:/Users/pierre-antoine.potage/.m2/repository/org/apache/maven/shared/maven-shared-utils/3.3.4/maven-shared-utils-3.3.4.jar:/Users/pierre-antoine.potage/.m2/repository/commons-io/commons-io/2.6/commons-io-2.6.jar:/Users/pierre-antoine.potage/.m2/repository/org/apache/maven/maven-archiver/3.5.2/maven-archiver-3.5.2.jar:/Users/pierre-antoine.potage/.m2/repository/org/apache/commons/commons-compress/1.20/commons-compress-1.20.jar:/Users/pierre-antoine.potage/.m2/repository/org/codehaus/plexus/plexus-interpolation/1.26/plexus-interpolation-1.26.jar:/Users/pierre-antoine.potage/.m2/repository/org/codehaus/plexus/plexus-archiver/4.2.5/plexus-archiver-4.2.5.jar:/Users/pierre-antoine.potage/.m2/repository/org/codehaus/plexus/plexus-io/3.2.0/plexus-io-3.2.0.jar:/Users/pierre-antoine.potage/.m2/repository/org/iq80/snappy/snappy/0.4/snappy-0.4.jar:/Users/pierre-antoine.potage/.m2/repository/org/tukaani/xz/1.9/xz-1.9.jar:/Users/pierre-antoine.potage/.m2/repository/org/codehaus/plexus/plexus-i18n/1.0-beta-10/plexus-i18n-1.0-beta-10.jar:/Users/pierre-antoine.potage/.m2/repository/org/apache/maven/doxia/doxia-sink-api/1.11.1/doxia-sink-api-1.11.1.jar:/Users/pierre-antoine.potage/.m2/repository/org/apache/maven/doxia/doxia-logging-api/1.11.1/doxia-logging-api-1.11.1.jar:/Users/pierre-antoine.potage/.m2/repository/org/apache/maven/doxia/doxia-core/1.11.1/doxia-core-1.11.1.jar:/Users/pierre-antoine.potage/.m2/repository/org/codehaus/plexus/plexus-component-annotations/2.1.0/plexus-component-annotations-2.1.0.jar:/Users/pierre-antoine.potage/.m2/repository/org/apache/httpcomponents/httpclient/4.5.13/httpclient-4.5.13.jar:/Users/pierre-antoine.potage/.m2/repository/commons-logging/commons-logging/1.2/commons-logging-1.2.jar:/Users/pierre-antoine.potage/.m2/repository/commons-codec/commons-codec/1.11/commons-codec-1.11.jar:/Users/pierre-antoine.potage/.m2/repository/org/apache/httpcomponents/httpcore/4.4.14/httpcore-4.4.14.jar:/Users/pierre-antoine.potage/.m2/repository/org/apache/maven/doxia/doxia-module-xhtml/1.11.1/doxia-module-xhtml-1.11.1.jar:/Users/pierre-antoine.potage/.m2/repository/org/apache/maven/doxia/doxia-module-xhtml5/1.11.1/doxia-module-xhtml5-1.11.1.jar:/Users/pierre-antoine.potage/.m2/repository/org/apache/maven/doxia/doxia-module-apt/1.11.1/doxia-module-apt-1.11.1.jar:/Users/pierre-antoine.potage/.m2/repository/org/apache/maven/doxia/doxia-module-xdoc/1.11.1/doxia-module-xdoc-1.11.1.jar:/Users/pierre-antoine.potage/.m2/repository/org/apache/maven/doxia/doxia-module-fml/1.11.1/doxia-module-fml-1.11.1.jar:/Users/pierre-antoine.potage/.m2/repository/org/apache/maven/doxia/doxia-module-markdown/1.11.1/doxia-module-markdown-1.11.1.jar:/Users/pierre-antoine.potage/.m2/repository/com/vladsch/flexmark/flexmark-all/0.42.14/flexmark-all-0.42.14.jar:/Users/pierre-antoine.potage/.m2/repository/com/vladsch/flexmark/flexmark/0.42.14/flexmark-0.42.14.jar:/Users/pierre-antoine.potage/.m2/repository/com/vladsch/flexmark/flexmark-ext-abbreviation/0.42.14/flexmark-ext-abbreviation-0.42.14.jar:/Users/pierre-antoine.potage/.m2/repository/com/vladsch/flexmark/flexmark-ext-admonition/0.42.14/flexmark-ext-admonition-0.42.14.jar:/Users/pierre-antoine.potage/.m2/repository/com/vladsch/flexmark/flexmark-ext-anchorlink/0.42.14/flexmark-ext-anchorlink-0.42.14.jar:/Users/pierre-antoine.potage/.m2/repository/com/vladsch/flexmark/flexmark-ext-aside/0.42.14/flexmark-ext-aside-0.42.14.jar:/Users/pierre-antoine.potage/.m2/repository/com/vladsch/flexmark/flexmark-ext-attributes/0.42.14/flexmark-ext-attributes-0.42.14.jar:/Users/pierre-antoine.potage/.m2/repository/com/vladsch/flexmark/flexmark-ext-autolink/0.42.14/flexmark-ext-autolink-0.42.14.jar:/Users/pierre-antoine.potage/.m2/repository/org/nibor/autolink/autolink/0.6.0/autolink-0.6.0.jar:/Users/pierre-antoine.potage/.m2/repository/com/vladsch/flexmark/flexmark-ext-definition/0.42.14/flexmark-ext-definition-0.42.14.jar:/Users/pierre-antoine.potage/.m2/repository/com/vladsch/flexmark/flexmark-ext-emoji/0.42.14/flexmark-ext-emoji-0.42.14.jar:/Users/pierre-antoine.potage/.m2/repository/com/vladsch/flexmark/flexmark-ext-enumerated-reference/0.42.14/flexmark-ext-enumerated-reference-0.42.14.jar:/Users/pierre-antoine.potage/.m2/repository/com/vladsch/flexmark/flexmark-ext-escaped-character/0.42.14/flexmark-ext-escaped-character-0.42.14.jar:/Users/pierre-antoine.potage/.m2/repository/com/vladsch/flexmark/flexmark-ext-footnotes/0.42.14/flexmark-ext-footnotes-0.42.14.jar:/Users/pierre-antoine.potage/.m2/repository/com/vladsch/flexmark/flexmark-ext-gfm-issues/0.42.14/flexmark-ext-gfm-issues-0.42.14.jar:/Users/pierre-antoine.potage/.m2/repository/com/vladsch/flexmark/flexmark-ext-gfm-strikethrough/0.42.14/flexmark-ext-gfm-strikethrough-0.42.14.jar:/Users/pierre-antoine.potage/.m2/repository/com/vladsch/flexmark/flexmark-ext-gfm-tables/0.42.14/flexmark-ext-gfm-tables-0.42.14.jar:/Users/pierre-antoine.potage/.m2/repository/com/vladsch/flexmark/flexmark-ext-gfm-tasklist/0.42.14/flexmark-ext-gfm-tasklist-0.42.14.jar:/Users/pierre-antoine.potage/.m2/repository/com/vladsch/flexmark/flexmark-ext-gfm-users/0.42.14/flexmark-ext-gfm-users-0.42.14.jar:/Users/pierre-antoine.potage/.m2/repository/com/vladsch/flexmark/flexmark-ext-gitlab/0.42.14/flexmark-ext-gitlab-0.42.14.jar:/Users/pierre-antoine.potage/.m2/repository/com/vladsch/flexmark/flexmark-ext-jekyll-front-matter/0.42.14/flexmark-ext-jekyll-front-matter-0.42.14.jar:/Users/pierre-antoine.potage/.m2/repository/com/vladsch/flexmark/flexmark-ext-jekyll-tag/0.42.14/flexmark-ext-jekyll-tag-0.42.14.jar:/Users/pierre-antoine.potage/.m2/repository/com/vladsch/flexmark/flexmark-ext-media-tags/0.42.14/flexmark-ext-media-tags-0.42.14.jar:/Users/pierre-antoine.potage/.m2/repository/com/vladsch/flexmark/flexmark-ext-macros/0.42.14/flexmark-ext-macros-0.42.14.jar:/Users/pierre-antoine.potage/.m2/repository/com/vladsch/flexmark/flexmark-ext-ins/0.42.14/flexmark-ext-ins-0.42.14.jar:/Users/pierre-antoine.potage/.m2/repository/com/vladsch/flexmark/flexmark-ext-xwiki-macros/0.42.14/flexmark-ext-xwiki-macros-0.42.14.jar:/Users/pierre-antoine.potage/.m2/repository/com/vladsch/flexmark/flexmark-ext-superscript/0.42.14/flexmark-ext-superscript-0.42.14.jar:/Users/pierre-antoine.potage/.m2/repository/com/vladsch/flexmark/flexmark-ext-tables/0.42.14/flexmark-ext-tables-0.42.14.jar:/Users/pierre-antoine.potage/.m2/repository/com/vladsch/flexmark/flexmark-ext-toc/0.42.14/flexmark-ext-toc-0.42.14.jar:/Users/pierre-antoine.potage/.m2/repository/com/vladsch/flexmark/flexmark-ext-typographic/0.42.14/flexmark-ext-typographic-0.42.14.jar:/Users/pierre-antoine.potage/.m2/repository/com/vladsch/flexmark/flexmark-ext-wikilink/0.42.14/flexmark-ext-wikilink-0.42.14.jar:/Users/pierre-antoine.potage/.m2/repository/com/vladsch/flexmark/flexmark-ext-yaml-front-matter/0.42.14/flexmark-ext-yaml-front-matter-0.42.14.jar:/Users/pierre-antoine.potage/.m2/repository/com/vladsch/flexmark/flexmark-ext-youtube-embedded/0.42.14/flexmark-ext-youtube-embedded-0.42.14.jar:/Users/pierre-antoine.potage/.m2/repository/com/vladsch/flexmark/flexmark-formatter/0.42.14/flexmark-formatter-0.42.14.jar:/Users/pierre-antoine.potage/.m2/repository/com/vladsch/flexmark/flexmark-html-parser/0.42.14/flexmark-html-parser-0.42.14.jar:/Users/pierre-antoine.potage/.m2/repository/org/jsoup/jsoup/1.10.2/jsoup-1.10.2.jar:/Users/pierre-antoine.potage/.m2/repository/com/vladsch/flexmark/flexmark-jira-converter/0.42.14/flexmark-jira-converter-0.42.14.jar:/Users/pierre-antoine.potage/.m2/repository/com/vladsch/flexmark/flexmark-profile-pegdown/0.42.14/flexmark-profile-pegdown-0.42.14.jar:/Users/pierre-antoine.potage/.m2/repository/com/vladsch/flexmark/flexmark-util/0.42.14/flexmark-util-0.42.14.jar:/Users/pierre-antoine.potage/.m2/repository/com/vladsch/flexmark/flexmark-youtrack-converter/0.42.14/flexmark-youtrack-converter-0.42.14.jar:/Users/pierre-antoine.potage/.m2/repository/org/apache/maven/doxia/doxia-module-confluence/1.11.1/doxia-module-confluence-1.11.1.jar:/Users/pierre-antoine.potage/.m2/repository/org/apache/maven/doxia/doxia-module-docbook-simple/1.11.1/doxia-module-docbook-simple-1.11.1.jar:/Users/pierre-antoine.potage/.m2/repository/org/apache/maven/doxia/doxia-module-twiki/1.11.1/doxia-module-twiki-1.11.1.jar:/Users/pierre-antoine.potage/.m2/repository/org/apache/maven/doxia/doxia-decoration-model/1.11.1/doxia-decoration-model-1.11.1.jar:/Users/pierre-antoine.potage/.m2/repository/org/apache/maven/doxia/doxia-site-renderer/1.11.1/doxia-site-renderer-1.11.1.jar:/Users/pierre-antoine.potage/.m2/repository/org/apache/maven/doxia/doxia-skin-model/1.11.1/doxia-skin-model-1.11.1.jar:/Users/pierre-antoine.potage/.m2/repository/org/codehaus/plexus/plexus-velocity/1.2/plexus-velocity-1.2.jar:/Users/pierre-antoine.potage/.m2/repository/org/apache/velocity/velocity/1.7/velocity-1.7.jar:/Users/pierre-antoine.potage/.m2/repository/commons-lang/commons-lang/2.4/commons-lang-2.4.jar:/Users/pierre-antoine.potage/.m2/repository/org/apache/velocity/velocity-tools/2.0/velocity-tools-2.0.jar:/Users/pierre-antoine.potage/.m2/repository/commons-beanutils/commons-beanutils/1.7.0/commons-beanutils-1.7.0.jar:/Users/pierre-antoine.potage/.m2/repository/commons-digester/commons-digester/1.8/commons-digester-1.8.jar:/Users/pierre-antoine.potage/.m2/repository/commons-chain/commons-chain/1.1/commons-chain-1.1.jar:/Users/pierre-antoine.potage/.m2/repository/dom4j/dom4j/1.1/dom4j-1.1.jar:/Users/pierre-antoine.potage/.m2/repository/oro/oro/2.0.8/oro-2.0.8.jar:/Users/pierre-antoine.potage/.m2/repository/commons-collections/commons-collections/3.2.2/commons-collections-3.2.2.jar:/Users/pierre-antoine.potage/.m2/repository/org/apache/maven/doxia/doxia-integration-tools/1.11.1/doxia-integration-tools-1.11.1.jar:/Users/pierre-antoine.potage/.m2/repository/org/eclipse/jetty/jetty-server/9.4.46.v20220331/jetty-server-9.4.46.v20220331.jar:/Users/pierre-antoine.potage/.m2/repository/javax/servlet/javax.servlet-api/3.1.0/javax.servlet-api-3.1.0.jar:/Users/pierre-antoine.potage/.m2/repository/org/eclipse/jetty/jetty-http/9.4.46.v20220331/jetty-http-9.4.46.v20220331.jar:/Users/pierre-antoine.potage/.m2/repository/org/eclipse/jetty/jetty-io/9.4.46.v20220331/jetty-io-9.4.46.v20220331.jar:/Users/pierre-antoine.potage/.m2/repository/org/eclipse/jetty/jetty-servlet/9.4.46.v20220331/jetty-servlet-9.4.46.v20220331.jar:/Users/pierre-antoine.potage/.m2/repository/org/eclipse/jetty/jetty-security/9.4.46.v20220331/jetty-security-9.4.46.v20220331.jar:/Users/pierre-antoine.potage/.m2/repository/org/eclipse/jetty/jetty-util-ajax/9.4.46.v20220331/jetty-util-ajax-9.4.46.v20220331.jar:/Users/pierre-antoine.potage/.m2/repository/org/eclipse/jetty/jetty-webapp/9.4.46.v20220331/jetty-webapp-9.4.46.v20220331.jar:/Users/pierre-antoine.potage/.m2/repository/org/eclipse/jetty/jetty-xml/9.4.46.v20220331/jetty-xml-9.4.46.v20220331.jar:/Users/pierre-antoine.potage/.m2/repository/org/eclipse/jetty/jetty-util/9.4.46.v20220331/jetty-util-9.4.46.v20220331.jar:/Users/pierre-antoine.potage/.m2/repository/org/apache/maven/plugins/maven-surefire-plugin/2.22.2/maven-surefire-plugin-2.22.2.jar:/Users/pierre-antoine.potage/.m2/repository/org/apache/maven/surefire/maven-surefire-common/2.22.2/maven-surefire-common-2.22.2.jar:/Users/pierre-antoine.potage/.m2/repository/org/apache/maven/surefire/surefire-api/2.22.2/surefire-api-2.22.2.jar:/Users/pierre-antoine.potage/.m2/repository/org/apache/maven/surefire/surefire-booter/2.22.2/surefire-booter-2.22.2.jar:/Users/pierre-antoine.potage/.m2/repository/org/apache/maven/maven-plugin-descriptor/2.2.1/maven-plugin-descriptor-2.2.1.jar:/Users/pierre-antoine.potage/.m2/repository/org/apache/maven/maven-toolchain/2.2.1/maven-toolchain-2.2.1.jar:/Users/pierre-antoine.potage/.m2/repository/org/codehaus/plexus/plexus-java/0.9.10/plexus-java-0.9.10.jar:/Users/pierre-antoine.potage/.m2/repository/com/thoughtworks/qdox/qdox/2.0-M8/qdox-2.0-M8.jar:/Users/pierre-antoine.potage/.m2/repository/com/github/spotbugs/spotbugs/4.7.3/spotbugs-4.7.3.jar:/Users/pierre-antoine.potage/.m2/repository/org/ow2/asm/asm/9.4/asm-9.4.jar:/Users/pierre-antoine.potage/.m2/repository/org/ow2/asm/asm-analysis/9.4/asm-analysis-9.4.jar:/Users/pierre-antoine.potage/.m2/repository/org/ow2/asm/asm-commons/9.4/asm-commons-9.4.jar:/Users/pierre-antoine.potage/.m2/repository/org/ow2/asm/asm-tree/9.4/asm-tree-9.4.jar:/Users/pierre-antoine.potage/.m2/repository/org/ow2/asm/asm-util/9.4/asm-util-9.4.jar:/Users/pierre-antoine.potage/.m2/repository/org/apache/bcel/bcel/6.5.0/bcel-6.5.0.jar:/Users/pierre-antoine.potage/.m2/repository/net/jcip/jcip-annotations/1.0/jcip-annotations-1.0.jar:/Users/pierre-antoine.potage/.m2/repository/org/dom4j/dom4j/2.1.3/dom4j-2.1.3.jar:/Users/pierre-antoine.potage/.m2/repository/org/apache/commons/commons-lang3/3.12.0/commons-lang3-3.12.0.jar:/Users/pierre-antoine.potage/.m2/repository/org/apache/commons/commons-text/1.10.0/commons-text-1.10.0.jar:/Users/pierre-antoine.potage/.m2/repository/org/slf4j/slf4j-api/2.0.0/slf4j-api-2.0.0.jar:/Users/pierre-antoine.potage/.m2/repository/com/github/spotbugs/spotbugs-annotations/4.7.3/spotbugs-annotations-4.7.3.jar:/Users/pierre-antoine.potage/.m2/repository/com/google/code/findbugs/jsr305/3.0.2/jsr305-3.0.2.jar:/Users/pierre-antoine.potage/.m2/repository/com/google/code/gson/gson/2.9.1/gson-2.9.1.jar:/Users/pierre-antoine.potage/.m2/repository/jaxen/jaxen/1.2.0/jaxen-1.2.0.jar:/Users/pierre-antoine.potage/.m2/repository/net/sf/saxon/Saxon-HE/11.4/Saxon-HE-11.4.jar:/Users/pierre-antoine.potage/.m2/repository/org/xmlresolver/xmlresolver/4.4.3/xmlresolver-4.4.3.jar:/Users/pierre-antoine.potage/.m2/repository/org/apache/httpcomponents/client5/httpclient5/5.1.3/httpclient5-5.1.3.jar:/Users/pierre-antoine.potage/.m2/repository/org/apache/httpcomponents/core5/httpcore5-h2/5.1.3/httpcore5-h2-5.1.3.jar:/Users/pierre-antoine.potage/.m2/repository/org/apache/httpcomponents/core5/httpcore5/5.1.3/httpcore5-5.1.3.jar:/Users/pierre-antoine.potage/.m2/repository/xml-apis/xml-apis/1.4.01/xml-apis-1.4.01.jar:/Users/pierre-antoine.potage/.m2/repository/org/xmlresolver/xmlresolver/4.4.3/xmlresolver-4.4.3-data.jar:/Users/pierre-antoine.potage/.m2/repository/org/apache/maven/plugins/maven-surefire-report-plugin/2.22.2/maven-surefire-report-plugin-2.22.2.jar:/Users/pierre-antoine.potage/.m2/repository/org/apache/maven/maven-project/2.2.1/maven-project-2.2.1.jar:/Users/pierre-antoine.potage/.m2/repository/org/apache/maven/maven-profile/2.2.1/maven-profile-2.2.1.jar:/Users/pierre-antoine.potage/.m2/repository/org/apache/maven/maven-artifact-manager/2.2.1/maven-artifact-manager-2.2.1.jar:/Users/pierre-antoine.potage/.m2/repository/backport-util-concurrent/backport-util-concurrent/3.1/backport-util-concurrent-3.1.jar:/Users/pierre-antoine.potage/.m2/repository/org/apache/maven/maven-plugin-registry/2.2.1/maven-plugin-registry-2.2.1.jar:/Users/pierre-antoine.potage/.m2/repository/org/apache/maven/maven-model/2.2.1/maven-model-2.2.1.jar:/Users/pierre-antoine.potage/.m2/repository/org/apache/maven/maven-plugin-api/2.2.1/maven-plugin-api-2.2.1.jar:/Users/pierre-antoine.potage/.m2/repository/org/apache/maven/plugin-tools/maven-plugin-annotations/3.5.2/maven-plugin-annotations-3.5.2.jar:/Users/pierre-antoine.potage/.m2/repository/org/apache/maven/surefire/surefire-report-parser/2.22.2/surefire-report-parser-2.22.2.jar:/Users/pierre-antoine.potage/.m2/repository/org/apache/maven/surefire/surefire-logger-api/2.22.2/surefire-logger-api-2.22.2.jar:/Users/pierre-antoine.potage/.m2/repository/org/apache/maven/reporting/maven-reporting-impl/2.4/maven-reporting-impl-2.4.jar:/Users/pierre-antoine.potage/.m2/repository/commons-validator/commons-validator/1.4.1/commons-validator-1.4.1.jar:"/>
    <property name="java.vm.vendor" value="Homebrew"/>
    <property name="sun.arch.data.model" value="64"/>
    <property name="java.vendor.url" value="https://github.com/Homebrew/homebrew-core/issues"/>
    <property name="os.name" value="Mac OS X"/>
    <property name="java.vm.specification.version" value="19"/>
    <property name="sun.java.launcher" value="SUN_STANDARD"/>
    <property name="user.country" value="FR"/>
    <property name="sun.boot.library.path" value="/usr/local/Cellar/openjdk/19.0.2/libexec/openjdk.jdk/Contents/Home/lib"/>
    <property name="sun.java.command" value="/Users/pierre-antoine.potage/Desktop/Project/OC/P4/Openclassrooms_project_4/target/surefire/surefirebooter11899046081556877800.jar /Users/pierre-antoine.potage/Desktop/Project/OC/P4/Openclassrooms_project_4/target/surefire 2023-02-27T14-20-28_338-jvmRun1 surefire7458299622407307536tmp surefire_08996667066698363717tmp"/>
    <property name="http.nonProxyHosts" value="local|*.local|169.254/16|*.169.254/16"/>
    <property name="jdk.debug" value="release"/>
    <property name="surefire.test.class.path" value="/Users/pierre-antoine.potage/Desktop/Project/OC/P4/Openclassrooms_project_4/target/test-classes:/Users/pierre-antoine.potage/Desktop/Project/OC/P4/Openclassrooms_project_4/target/classes:/Users/pierre-antoine.potage/.m2/repository/org/apache/logging/log4j/log4j-api/2.19.0/log4j-api-2.19.0.jar:/Users/pierre-antoine.potage/.m2/repository/org/apache/logging/log4j/log4j-core/2.19.0/log4j-core-2.19.0.jar:/Users/pierre-antoine.potage/.m2/repository/mysql/mysql-connector-java/8.0.30/mysql-connector-java-8.0.30.jar:/Users/pierre-antoine.potage/.m2/repository/com/google/protobuf/protobuf-java/3.19.4/protobuf-java-3.19.4.jar:/Users/pierre-antoine.potage/.m2/repository/org/junit/jupiter/junit-jupiter-api/5.9.0/junit-jupiter-api-5.9.0.jar:/Users/pierre-antoine.potage/.m2/repository/org/opentest4j/opentest4j/1.2.0/opentest4j-1.2.0.jar:/Users/pierre-antoine.potage/.m2/repository/org/junit/platform/junit-platform-commons/1.9.0/junit-platform-commons-1.9.0.jar:/Users/pierre-antoine.potage/.m2/repository/org/apiguardian/apiguardian-api/1.1.2/apiguardian-api-1.1.2.jar:/Users/pierre-antoine.potage/.m2/repository/org/junit/jupiter/junit-jupiter-engine/5.9.0/junit-jupiter-engine-5.9.0.jar:/Users/pierre-antoine.potage/.m2/repository/org/junit/platform/junit-platform-engine/1.9.0/junit-platform-engine-1.9.0.jar:/Users/pierre-antoine.potage/.m2/repository/org/mockito/mockito-junit-jupiter/4.8.0/mockito-junit-jupiter-4.8.0.jar:/Users/pierre-antoine.potage/.m2/repository/org/mockito/mockito-core/4.8.0/mockito-core-4.8.0.jar:/Users/pierre-antoine.potage/.m2/repository/net/bytebuddy/byte-buddy/1.12.14/byte-buddy-1.12.14.jar:/Users/pierre-antoine.potage/.m2/repository/net/bytebuddy/byte-buddy-agent/1.12.14/byte-buddy-agent-1.12.14.jar:/Users/pierre-antoine.potage/.m2/repository/org/objenesis/objenesis/3.2/objenesis-3.2.jar:/Users/pierre-antoine.potage/.m2/repository/org/jacoco/jacoco-maven-plugin/0.8.8/jacoco-maven-plugin-0.8.8.jar:/Users/pierre-antoine.potage/.m2/repository/org/codehaus/plexus/plexus-utils/3.0.22/plexus-utils-3.0.22.jar:/Users/pierre-antoine.potage/.m2/repository/org/apache/maven/shared/file-management/1.2.1/file-management-1.2.1.jar:/Users/pierre-antoine.potage/.m2/repository/org/apache/maven/shared/maven-shared-io/1.1/maven-shared-io-1.1.jar:/Users/pierre-antoine.potage/.m2/repository/org/apache/maven/wagon/wagon-provider-api/1.0-alpha-6/wagon-provider-api-1.0-alpha-6.jar:/Users/pierre-antoine.potage/.m2/repository/org/codehaus/plexus/plexus-container-default/1.0-alpha-9/plexus-container-default-1.0-alpha-9.jar:/Users/pierre-antoine.potage/.m2/repository/junit/junit/3.8.1/junit-3.8.1.jar:/Users/pierre-antoine.potage/.m2/repository/classworlds/classworlds/1.1-alpha-2/classworlds-1.1-alpha-2.jar:/Users/pierre-antoine.potage/.m2/repository/org/apache/maven/reporting/maven-reporting-api/3.0/maven-reporting-api-3.0.jar:/Users/pierre-antoine.potage/.m2/repository/org/jacoco/org.jacoco.agent/0.8.8/org.jacoco.agent-0.8.8-runtime.jar:/Users/pierre-antoine.potage/.m2/repository/org/jacoco/org.jacoco.core/0.8.8/org.jacoco.core-0.8.8.jar:/Users/pierre-antoine.potage/.m2/repository/org/jacoco/org.jacoco.report/0.8.8/org.jacoco.report-0.8.8.jar:/Users/pierre-antoine.potage/.m2/repository/org/apache/maven/plugins/maven-site-plugin/3.12.0/maven-site-plugin-3.12.0.jar:/Users/pierre-antoine.potage/.m2/repository/org/apache/maven/reporting/maven-reporting-exec/1.6.0/maven-reporting-exec-1.6.0.jar:/Users/pierre-antoine.potage/.m2/repository/org/apache/maven/maven-artifact/3.2.5/maven-artifact-3.2.5.jar:/Users/pierre-antoine.potage/.m2/repository/org/apache/maven/maven-core/3.2.5/maven-core-3.2.5.jar:/Users/pierre-antoine.potage/.m2/repository/org/apache/maven/maven-repository-metadata/3.2.5/maven-repository-metadata-3.2.5.jar:/Users/pierre-antoine.potage/.m2/repository/org/apache/maven/maven-model-builder/3.2.5/maven-model-builder-3.2.5.jar:/Users/pierre-antoine.potage/.m2/repository/org/apache/maven/maven-aether-provider/3.2.5/maven-aether-provider-3.2.5.jar:/Users/pierre-antoine.potage/.m2/repository/org/eclipse/aether/aether-spi/1.0.0.v20140518/aether-spi-1.0.0.v20140518.jar:/Users/pierre-antoine.potage/.m2/repository/org/eclipse/aether/aether-impl/1.0.0.v20140518/aether-impl-1.0.0.v20140518.jar:/Users/pierre-antoine.potage/.m2/repository/org/eclipse/aether/aether-api/1.0.0.v20140518/aether-api-1.0.0.v20140518.jar:/Users/pierre-antoine.potage/.m2/repository/org/eclipse/sisu/org.eclipse.sisu.plexus/0.3.0.M1/org.eclipse.sisu.plexus-0.3.0.M1.jar:/Users/pierre-antoine.potage/.m2/repository/javax/enterprise/cdi-api/1.0/cdi-api-1.0.jar:/Users/pierre-antoine.potage/.m2/repository/javax/annotation/jsr250-api/1.0/jsr250-api-1.0.jar:/Users/pierre-antoine.potage/.m2/repository/org/eclipse/sisu/org.eclipse.sisu.inject/0.3.0.M1/org.eclipse.sisu.inject-0.3.0.M1.jar:/Users/pierre-antoine.potage/.m2/repository/org/sonatype/sisu/sisu-guice/3.2.3/sisu-guice-3.2.3-no_aop.jar:/Users/pierre-antoine.potage/.m2/repository/javax/inject/javax.inject/1/javax.inject-1.jar:/Users/pierre-antoine.potage/.m2/repository/aopalliance/aopalliance/1.0/aopalliance-1.0.jar:/Users/pierre-antoine.potage/.m2/repository/com/google/guava/guava/16.0.1/guava-16.0.1.jar:/Users/pierre-antoine.potage/.m2/repository/org/codehaus/plexus/plexus-classworlds/2.5.2/plexus-classworlds-2.5.2.jar:/Users/pierre-antoine.potage/.m2/repository/org/sonatype/plexus/plexus-sec-dispatcher/1.3/plexus-sec-dispatcher-1.3.jar:/Users/pierre-antoine.potage/.m2/repository/org/sonatype/plexus/plexus-cipher/1.4/plexus-cipher-1.4.jar:/Users/pierre-antoine.potage/.m2/repository/org/apache/maven/maven-settings/3.2.5/maven-settings-3.2.5.jar:/Users/pierre-antoine.potage/.m2/repository/org/apache/maven/maven-settings-builder/3.2.5/maven-settings-builder-3.2.5.jar:/Users/pierre-antoine.potage/.m2/repository/org/eclipse/aether/aether-util/1.0.0.v20140518/aether-util-1.0.0.v20140518.jar:/Users/pierre-antoine.potage/.m2/repository/org/apache/maven/shared/maven-shared-utils/3.3.4/maven-shared-utils-3.3.4.jar:/Users/pierre-antoine.potage/.m2/repository/commons-io/commons-io/2.6/commons-io-2.6.jar:/Users/pierre-antoine.potage/.m2/repository/org/apache/maven/maven-archiver/3.5.2/maven-archiver-3.5.2.jar:/Users/pierre-antoine.potage/.m2/repository/org/apache/commons/commons-compress/1.20/commons-compress-1.20.jar:/Users/pierre-antoine.potage/.m2/repository/org/codehaus/plexus/plexus-interpolation/1.26/plexus-interpolation-1.26.jar:/Users/pierre-antoine.potage/.m2/repository/org/codehaus/plexus/plexus-archiver/4.2.5/plexus-archiver-4.2.5.jar:/Users/pierre-antoine.potage/.m2/repository/org/codehaus/plexus/plexus-io/3.2.0/plexus-io-3.2.0.jar:/Users/pierre-antoine.potage/.m2/repository/org/iq80/snappy/snappy/0.4/snappy-0.4.jar:/Users/pierre-antoine.potage/.m2/repository/org/tukaani/xz/1.9/xz-1.9.jar:/Users/pierre-antoine.potage/.m2/repository/org/codehaus/plexus/plexus-i18n/1.0-beta-10/plexus-i18n-1.0-beta-10.jar:/Users/pierre-antoine.potage/.m2/repository/org/apache/maven/doxia/doxia-sink-api/1.11.1/doxia-sink-api-1.11.1.jar:/Users/pierre-antoine.potage/.m2/repository/org/apache/maven/doxia/doxia-logging-api/1.11.1/doxia-logging-api-1.11.1.jar:/Users/pierre-antoine.potage/.m2/repository/org/apache/maven/doxia/doxia-core/1.11.1/doxia-core-1.11.1.jar:/Users/pierre-antoine.potage/.m2/repository/org/codehaus/plexus/plexus-component-annotations/2.1.0/plexus-component-annotations-2.1.0.jar:/Users/pierre-antoine.potage/.m2/repository/org/apache/httpcomponents/httpclient/4.5.13/httpclient-4.5.13.jar:/Users/pierre-antoine.potage/.m2/repository/commons-logging/commons-logging/1.2/commons-logging-1.2.jar:/Users/pierre-antoine.potage/.m2/repository/commons-codec/commons-codec/1.11/commons-codec-1.11.jar:/Users/pierre-antoine.potage/.m2/repository/org/apache/httpcomponents/httpcore/4.4.14/httpcore-4.4.14.jar:/Users/pierre-antoine.potage/.m2/repository/org/apache/maven/doxia/doxia-module-xhtml/1.11.1/doxia-module-xhtml-1.11.1.jar:/Users/pierre-antoine.potage/.m2/repository/org/apache/maven/doxia/doxia-module-xhtml5/1.11.1/doxia-module-xhtml5-1.11.1.jar:/Users/pierre-antoine.potage/.m2/repository/org/apache/maven/doxia/doxia-module-apt/1.11.1/doxia-module-apt-1.11.1.jar:/Users/pierre-antoine.potage/.m2/repository/org/apache/maven/doxia/doxia-module-xdoc/1.11.1/doxia-module-xdoc-1.11.1.jar:/Users/pierre-antoine.potage/.m2/repository/org/apache/maven/doxia/doxia-module-fml/1.11.1/doxia-module-fml-1.11.1.jar:/Users/pierre-antoine.potage/.m2/repository/org/apache/maven/doxia/doxia-module-markdown/1.11.1/doxia-module-markdown-1.11.1.jar:/Users/pierre-antoine.potage/.m2/repository/com/vladsch/flexmark/flexmark-all/0.42.14/flexmark-all-0.42.14.jar:/Users/pierre-antoine.potage/.m2/repository/com/vladsch/flexmark/flexmark/0.42.14/flexmark-0.42.14.jar:/Users/pierre-antoine.potage/.m2/repository/com/vladsch/flexmark/flexmark-ext-abbreviation/0.42.14/flexmark-ext-abbreviation-0.42.14.jar:/Users/pierre-antoine.potage/.m2/repository/com/vladsch/flexmark/flexmark-ext-admonition/0.42.14/flexmark-ext-admonition-0.42.14.jar:/Users/pierre-antoine.potage/.m2/repository/com/vladsch/flexmark/flexmark-ext-anchorlink/0.42.14/flexmark-ext-anchorlink-0.42.14.jar:/Users/pierre-antoine.potage/.m2/repository/com/vladsch/flexmark/flexmark-ext-aside/0.42.14/flexmark-ext-aside-0.42.14.jar:/Users/pierre-antoine.potage/.m2/repository/com/vladsch/flexmark/flexmark-ext-attributes/0.42.14/flexmark-ext-attributes-0.42.14.jar:/Users/pierre-antoine.potage/.m2/repository/com/vladsch/flexmark/flexmark-ext-autolink/0.42.14/flexmark-ext-autolink-0.42.14.jar:/Users/pierre-antoine.potage/.m2/repository/org/nibor/autolink/autolink/0.6.0/autolink-0.6.0.jar:/Users/pierre-antoine.potage/.m2/repository/com/vladsch/flexmark/flexmark-ext-definition/0.42.14/flexmark-ext-definition-0.42.14.jar:/Users/pierre-antoine.potage/.m2/repository/com/vladsch/flexmark/flexmark-ext-emoji/0.42.14/flexmark-ext-emoji-0.42.14.jar:/Users/pierre-antoine.potage/.m2/repository/com/vladsch/flexmark/flexmark-ext-enumerated-reference/0.42.14/flexmark-ext-enumerated-reference-0.42.14.jar:/Users/pierre-antoine.potage/.m2/repository/com/vladsch/flexmark/flexmark-ext-escaped-character/0.42.14/flexmark-ext-escaped-character-0.42.14.jar:/Users/pierre-antoine.potage/.m2/repository/com/vladsch/flexmark/flexmark-ext-footnotes/0.42.14/flexmark-ext-footnotes-0.42.14.jar:/Users/pierre-antoine.potage/.m2/repository/com/vladsch/flexmark/flexmark-ext-gfm-issues/0.42.14/flexmark-ext-gfm-issues-0.42.14.jar:/Users/pierre-antoine.potage/.m2/repository/com/vladsch/flexmark/flexmark-ext-gfm-strikethrough/0.42.14/flexmark-ext-gfm-strikethrough-0.42.14.jar:/Users/pierre-antoine.potage/.m2/repository/com/vladsch/flexmark/flexmark-ext-gfm-tables/0.42.14/flexmark-ext-gfm-tables-0.42.14.jar:/Users/pierre-antoine.potage/.m2/repository/com/vladsch/flexmark/flexmark-ext-gfm-tasklist/0.42.14/flexmark-ext-gfm-tasklist-0.42.14.jar:/Users/pierre-antoine.potage/.m2/repository/com/vladsch/flexmark/flexmark-ext-gfm-users/0.42.14/flexmark-ext-gfm-users-0.42.14.jar:/Users/pierre-antoine.potage/.m2/repository/com/vladsch/flexmark/flexmark-ext-gitlab/0.42.14/flexmark-ext-gitlab-0.42.14.jar:/Users/pierre-antoine.potage/.m2/repository/com/vladsch/flexmark/flexmark-ext-jekyll-front-matter/0.42.14/flexmark-ext-jekyll-front-matter-0.42.14.jar:/Users/pierre-antoine.potage/.m2/repository/com/vladsch/flexmark/flexmark-ext-jekyll-tag/0.42.14/flexmark-ext-jekyll-tag-0.42.14.jar:/Users/pierre-antoine.potage/.m2/repository/com/vladsch/flexmark/flexmark-ext-media-tags/0.42.14/flexmark-ext-media-tags-0.42.14.jar:/Users/pierre-antoine.potage/.m2/repository/com/vladsch/flexmark/flexmark-ext-macros/0.42.14/flexmark-ext-macros-0.42.14.jar:/Users/pierre-antoine.potage/.m2/repository/com/vladsch/flexmark/flexmark-ext-ins/0.42.14/flexmark-ext-ins-0.42.14.jar:/Users/pierre-antoine.potage/.m2/repository/com/vladsch/flexmark/flexmark-ext-xwiki-macros/0.42.14/flexmark-ext-xwiki-macros-0.42.14.jar:/Users/pierre-antoine.potage/.m2/repository/com/vladsch/flexmark/flexmark-ext-superscript/0.42.14/flexmark-ext-superscript-0.42.14.jar:/Users/pierre-antoine.potage/.m2/repository/com/vladsch/flexmark/flexmark-ext-tables/0.42.14/flexmark-ext-tables-0.42.14.jar:/Users/pierre-antoine.potage/.m2/repository/com/vladsch/flexmark/flexmark-ext-toc/0.42.14/flexmark-ext-toc-0.42.14.jar:/Users/pierre-antoine.potage/.m2/repository/com/vladsch/flexmark/flexmark-ext-typographic/0.42.14/flexmark-ext-typographic-0.42.14.jar:/Users/pierre-antoine.potage/.m2/repository/com/vladsch/flexmark/flexmark-ext-wikilink/0.42.14/flexmark-ext-wikilink-0.42.14.jar:/Users/pierre-antoine.potage/.m2/repository/com/vladsch/flexmark/flexmark-ext-yaml-front-matter/0.42.14/flexmark-ext-yaml-front-matter-0.42.14.jar:/Users/pierre-antoine.potage/.m2/repository/com/vladsch/flexmark/flexmark-ext-youtube-embedded/0.42.14/flexmark-ext-youtube-embedded-0.42.14.jar:/Users/pierre-antoine.potage/.m2/repository/com/vladsch/flexmark/flexmark-formatter/0.42.14/flexmark-formatter-0.42.14.jar:/Users/pierre-antoine.potage/.m2/repository/com/vladsch/flexmark/flexmark-html-parser/0.42.14/flexmark-html-parser-0.42.14.jar:/Users/pierre-antoine.potage/.m2/repository/org/jsoup/jsoup/1.10.2/jsoup-1.10.2.jar:/Users/pierre-antoine.potage/.m2/repository/com/vladsch/flexmark/flexmark-jira-converter/0.42.14/flexmark-jira-converter-0.42.14.jar:/Users/pierre-antoine.potage/.m2/repository/com/vladsch/flexmark/flexmark-profile-pegdown/0.42.14/flexmark-profile-pegdown-0.42.14.jar:/Users/pierre-antoine.potage/.m2/repository/com/vladsch/flexmark/flexmark-util/0.42.14/flexmark-util-0.42.14.jar:/Users/pierre-antoine.potage/.m2/repository/com/vladsch/flexmark/flexmark-youtrack-converter/0.42.14/flexmark-youtrack-converter-0.42.14.jar:/Users/pierre-antoine.potage/.m2/repository/org/apache/maven/doxia/doxia-module-confluence/1.11.1/doxia-module-confluence-1.11.1.jar:/Users/pierre-antoine.potage/.m2/repository/org/apache/maven/doxia/doxia-module-docbook-simple/1.11.1/doxia-module-docbook-simple-1.11.1.jar:/Users/pierre-antoine.potage/.m2/repository/org/apache/maven/doxia/doxia-module-twiki/1.11.1/doxia-module-twiki-1.11.1.jar:/Users/pierre-antoine.potage/.m2/repository/org/apache/maven/doxia/doxia-decoration-model/1.11.1/doxia-decoration-model-1.11.1.jar:/Users/pierre-antoine.potage/.m2/repository/org/apache/maven/doxia/doxia-site-renderer/1.11.1/doxia-site-renderer-1.11.1.jar:/Users/pierre-antoine.potage/.m2/repository/org/apache/maven/doxia/doxia-skin-model/1.11.1/doxia-skin-model-1.11.1.jar:/Users/pierre-antoine.potage/.m2/repository/org/codehaus/plexus/plexus-velocity/1.2/plexus-velocity-1.2.jar:/Users/pierre-antoine.potage/.m2/repository/org/apache/velocity/velocity/1.7/velocity-1.7.jar:/Users/pierre-antoine.potage/.m2/repository/commons-lang/commons-lang/2.4/commons-lang-2.4.jar:/Users/pierre-antoine.potage/.m2/repository/org/apache/velocity/velocity-tools/2.0/velocity-tools-2.0.jar:/Users/pierre-antoine.potage/.m2/repository/commons-beanutils/commons-beanutils/1.7.0/commons-beanutils-1.7.0.jar:/Users/pierre-antoine.potage/.m2/repository/commons-digester/commons-digester/1.8/commons-digester-1.8.jar:/Users/pierre-antoine.potage/.m2/repository/commons-chain/commons-chain/1.1/commons-chain-1.1.jar:/Users/pierre-antoine.potage/.m2/repository/dom4j/dom4j/1.1/dom4j-1.1.jar:/Users/pierre-antoine.potage/.m2/repository/oro/oro/2.0.8/oro-2.0.8.jar:/Users/pierre-antoine.potage/.m2/repository/commons-collections/commons-collections/3.2.2/commons-collections-3.2.2.jar:/Users/pierre-antoine.potage/.m2/repository/org/apache/maven/doxia/doxia-integration-tools/1.11.1/doxia-integration-tools-1.11.1.jar:/Users/pierre-antoine.potage/.m2/repository/org/eclipse/jetty/jetty-server/9.4.46.v20220331/jetty-server-9.4.46.v20220331.jar:/Users/pierre-antoine.potage/.m2/repository/javax/servlet/javax.servlet-api/3.1.0/javax.servlet-api-3.1.0.jar:/Users/pierre-antoine.potage/.m2/repository/org/eclipse/jetty/jetty-http/9.4.46.v20220331/jetty-http-9.4.46.v20220331.jar:/Users/pierre-antoine.potage/.m2/repository/org/eclipse/jetty/jetty-io/9.4.46.v20220331/jetty-io-9.4.46.v20220331.jar:/Users/pierre-antoine.potage/.m2/repository/org/eclipse/jetty/jetty-servlet/9.4.46.v20220331/jetty-servlet-9.4.46.v20220331.jar:/Users/pierre-antoine.potage/.m2/repository/org/eclipse/jetty/jetty-security/9.4.46.v20220331/jetty-security-9.4.46.v20220331.jar:/Users/pierre-antoine.potage/.m2/repository/org/eclipse/jetty/jetty-util-ajax/9.4.46.v20220331/jetty-util-ajax-9.4.46.v20220331.jar:/Users/pierre-antoine.potage/.m2/repository/org/eclipse/jetty/jetty-webapp/9.4.46.v20220331/jetty-webapp-9.4.46.v20220331.jar:/Users/pierre-antoine.potage/.m2/repository/org/eclipse/jetty/jetty-xml/9.4.46.v20220331/jetty-xml-9.4.46.v20220331.jar:/Users/pierre-antoine.potage/.m2/repository/org/eclipse/jetty/jetty-util/9.4.46.v20220331/jetty-util-9.4.46.v20220331.jar:/Users/pierre-antoine.potage/.m2/repository/org/apache/maven/plugins/maven-surefire-plugin/2.22.2/maven-surefire-plugin-2.22.2.jar:/Users/pierre-antoine.potage/.m2/repository/org/apache/maven/surefire/maven-surefire-common/2.22.2/maven-surefire-common-2.22.2.jar:/Users/pierre-antoine.potage/.m2/repository/org/apache/maven/surefire/surefire-api/2.22.2/surefire-api-2.22.2.jar:/Users/pierre-antoine.potage/.m2/repository/org/apache/maven/surefire/surefire-booter/2.22.2/surefire-booter-2.22.2.jar:/Users/pierre-antoine.potage/.m2/repository/org/apache/maven/maven-plugin-descriptor/2.2.1/maven-plugin-descriptor-2.2.1.jar:/Users/pierre-antoine.potage/.m2/repository/org/apache/maven/maven-toolchain/2.2.1/maven-toolchain-2.2.1.jar:/Users/pierre-antoine.potage/.m2/repository/org/codehaus/plexus/plexus-java/0.9.10/plexus-java-0.9.10.jar:/Users/pierre-antoine.potage/.m2/repository/com/thoughtworks/qdox/qdox/2.0-M8/qdox-2.0-M8.jar:/Users/pierre-antoine.potage/.m2/repository/com/github/spotbugs/spotbugs/4.7.3/spotbugs-4.7.3.jar:/Users/pierre-antoine.potage/.m2/repository/org/ow2/asm/asm/9.4/asm-9.4.jar:/Users/pierre-antoine.potage/.m2/repository/org/ow2/asm/asm-analysis/9.4/asm-analysis-9.4.jar:/Users/pierre-antoine.potage/.m2/repository/org/ow2/asm/asm-commons/9.4/asm-commons-9.4.jar:/Users/pierre-antoine.potage/.m2/repository/org/ow2/asm/asm-tree/9.4/asm-tree-9.4.jar:/Users/pierre-antoine.potage/.m2/repository/org/ow2/asm/asm-util/9.4/asm-util-9.4.jar:/Users/pierre-antoine.potage/.m2/repository/org/apache/bcel/bcel/6.5.0/bcel-6.5.0.jar:/Users/pierre-antoine.potage/.m2/repository/net/jcip/jcip-annotations/1.0/jcip-annotations-1.0.jar:/Users/pierre-antoine.potage/.m2/repository/org/dom4j/dom4j/2.1.3/dom4j-2.1.3.jar:/Users/pierre-antoine.potage/.m2/repository/org/apache/commons/commons-lang3/3.12.0/commons-lang3-3.12.0.jar:/Users/pierre-antoine.potage/.m2/repository/org/apache/commons/commons-text/1.10.0/commons-text-1.10.0.jar:/Users/pierre-antoine.potage/.m2/repository/org/slf4j/slf4j-api/2.0.0/slf4j-api-2.0.0.jar:/Users/pierre-antoine.potage/.m2/repository/com/github/spotbugs/spotbugs-annotations/4.7.3/spotbugs-annotations-4.7.3.jar:/Users/pierre-antoine.potage/.m2/repository/com/google/code/findbugs/jsr305/3.0.2/jsr305-3.0.2.jar:/Users/pierre-antoine.potage/.m2/repository/com/google/code/gson/gson/2.9.1/gson-2.9.1.jar:/Users/pierre-antoine.potage/.m2/repository/jaxen/jaxen/1.2.0/jaxen-1.2.0.jar:/Users/pierre-antoine.potage/.m2/repository/net/sf/saxon/Saxon-HE/11.4/Saxon-HE-11.4.jar:/Users/pierre-antoine.potage/.m2/repository/org/xmlresolver/xmlresolver/4.4.3/xmlresolver-4.4.3.jar:/Users/pierre-antoine.potage/.m2/repository/org/apache/httpcomponents/client5/httpclient5/5.1.3/httpclient5-5.1.3.jar:/Users/pierre-antoine.potage/.m2/repository/org/apache/httpcomponents/core5/httpcore5-h2/5.1.3/httpcore5-h2-5.1.3.jar:/Users/pierre-antoine.potage/.m2/repository/org/apache/httpcomponents/core5/httpcore5/5.1.3/httpcore5-5.1.3.jar:/Users/pierre-antoine.potage/.m2/repository/xml-apis/xml-apis/1.4.01/xml-apis-1.4.01.jar:/Users/pierre-antoine.potage/.m2/repository/org/xmlresolver/xmlresolver/4.4.3/xmlresolver-4.4.3-data.jar:/Users/pierre-antoine.potage/.m2/repository/org/apache/maven/plugins/maven-surefire-report-plugin/2.22.2/maven-surefire-report-plugin-2.22.2.jar:/Users/pierre-antoine.potage/.m2/repository/org/apache/maven/maven-project/2.2.1/maven-project-2.2.1.jar:/Users/pierre-antoine.potage/.m2/repository/org/apache/maven/maven-profile/2.2.1/maven-profile-2.2.1.jar:/Users/pierre-antoine.potage/.m2/repository/org/apache/maven/maven-artifact-manager/2.2.1/maven-artifact-manager-2.2.1.jar:/Users/pierre-antoine.potage/.m2/repository/backport-util-concurrent/backport-util-concurrent/3.1/backport-util-concurrent-3.1.jar:/Users/pierre-antoine.potage/.m2/repository/org/apache/maven/maven-plugin-registry/2.2.1/maven-plugin-registry-2.2.1.jar:/Users/pierre-antoine.potage/.m2/repository/org/apache/maven/maven-model/2.2.1/maven-model-2.2.1.jar:/Users/pierre-antoine.potage/.m2/repository/org/apache/maven/maven-plugin-api/2.2.1/maven-plugin-api-2.2.1.jar:/Users/pierre-antoine.potage/.m2/repository/org/apache/maven/plugin-tools/maven-plugin-annotations/3.5.2/maven-plugin-annotations-3.5.2.jar:/Users/pierre-antoine.potage/.m2/repository/org/apache/maven/surefire/surefire-report-parser/2.22.2/surefire-report-parser-2.22.2.jar:/Users/pierre-antoine.potage/.m2/repository/org/apache/maven/surefire/surefire-logger-api/2.22.2/surefire-logger-api-2.22.2.jar:/Users/pierre-antoine.potage/.m2/repository/org/apache/maven/reporting/maven-reporting-impl/2.4/maven-reporting-impl-2.4.jar:/Users/pierre-antoine.potage/.m2/repository/commons-validator/commons-validator/1.4.1/commons-validator-1.4.1.jar:"/>
    <property name="sun.cpu.endian" value="little"/>
    <property name="user.home" value="/Users/pierre-antoine.potage"/>
    <property name="user.language" value="fr"/>
    <property name="java.specification.vendor" value="Oracle Corporation"/>
    <property name="java.version.date" value="2023-01-17"/>
    <property name="java.home" value="/usr/local/Cellar/openjdk/19.0.2/libexec/openjdk.jdk/Contents/Home"/>
    <property name="file.separator" value="/"/>
    <property name="basedir" value="/Users/pierre-antoine.potage/Desktop/Project/OC/P4/Openclassrooms_project_4"/>
    <property name="java.vm.compressedOopsMode" value="Zero based"/>
    <property name="line.separator" value="&#10;"/>
    <property name="java.vm.specification.vendor" value="Oracle Corporation"/>
    <property name="java.specification.name" value="Java Platform API Specification"/>
    <property name="apple.awt.application.name" value="ForkedBooter"/>
    <property name="surefire.real.class.path" value="/Users/pierre-antoine.potage/Desktop/Project/OC/P4/Openclassrooms_project_4/target/surefire/surefirebooter11899046081556877800.jar"/>
    <property name="sun.management.compiler" value="HotSpot 64-Bit Tiered Compilers"/>
    <property name="ftp.nonProxyHosts" value="local|*.local|169.254/16|*.169.254/16"/>
    <property name="java.runtime.version" value="19.0.2"/>
    <property name="user.name" value="pierre-antoine.potage"/>
    <property name="stdout.encoding" value="UTF-8"/>
    <property name="path.separator" value=":"/>
    <property name="os.version" value="12.6.2"/>
    <property name="java.runtime.name" value="OpenJDK Runtime Environment"/>
    <property name="file.encoding" value="UTF-8"/>
    <property name="java.vm.name" value="OpenJDK 64-Bit Server VM"/>
    <property name="java.vendor.version" value="Homebrew"/>
    <property name="localRepository" value="/Users/pierre-antoine.potage/.m2/repository"/>
    <property name="java.vendor.url.bug" value="https://github.com/Homebrew/homebrew-core/issues"/>
    <property name="java.io.tmpdir" value="/var/folders/_7/8jd607z14cd2b91r9yb32g2c0000gn/T/"/>
    <property name="java.version" value="19.0.2"/>
    <property name="user.dir" value="/Users/pierre-antoine.potage/Desktop/Project/OC/P4/Openclassrooms_project_4"/>
    <property name="os.arch" value="x86_64"/>
    <property name="java.vm.specification.name" value="Java Virtual Machine Specification"/>
    <property name="native.encoding" value="UTF-8"/>
    <property name="java.library.path" value="/Users/pierre-antoine.potage/Library/Java/Extensions:/Library/Java/Extensions:/Network/Library/Java/Extensions:/System/Library/Java/Extensions:/usr/lib/java:."/>
    <property name="java.vm.info" value="mixed mode, sharing"/>
    <property name="stderr.encoding" value="UTF-8"/>
    <property name="java.vendor" value="Homebrew"/>
    <property name="java.vm.version" value="19.0.2"/>
    <property name="sun.io.unicode.encoding" value="UnicodeBig"/>
    <property name="socksNonProxyHosts" value="local|*.local|169.254/16|*.169.254/16"/>
    <property name="java.class.version" value="63.0"/>
  </properties>
  <testcase name="calculateFareCarWithLessThanOneHourParkingTime" classname="com.parkit.parkingsystem.FareCalculatorServiceTest" time="0.053"/>
  <testcase name="calculateFareUnkownType" classname="com.parkit.parkingsystem.FareCalculatorServiceTest" time="0.004"/>
  <testcase name="calculateFareCar" classname="com.parkit.parkingsystem.FareCalculatorServiceTest" time="0.001"/>
  <testcase name="calculateFareBike" classname="com.parkit.parkingsystem.FareCalculatorServiceTest" time="0.001"/>
  <testcase name="calculateFareWithReccurentCar" classname="com.parkit.parkingsystem.FareCalculatorServiceTest" time="0.001"/>
  <testcase name="calculateFareBikeWithLessThanHalfHoursFreeParkingTime" classname="com.parkit.parkingsystem.FareCalculatorServiceTest" time="0.001"/>
  <testcase name="calculateFareCarWithMoreThanADayParkingTime" classname="com.parkit.parkingsystem.FareCalculatorServiceTest" time="0.006"/>
  <testcase name="calculateFareCarWithLessThanHalfHoursFreeParkingTime" classname="com.parkit.parkingsystem.FareCalculatorServiceTest" time="0"/>
  <testcase name="calculateFareWithReccurentBike" classname="com.parkit.parkingsystem.FareCalculatorServiceTest" time="0"/>
  <testcase name="calculateFareBikeWithLessThanOneHourParkingTime" classname="com.parkit.parkingsystem.FareCalculatorServiceTest" time="0"/>
  <testcase name="calculateFareBikeWithFutureInTime" classname="com.parkit.parkingsystem.FareCalculatorServiceTest" time="0.04"/>
</testsuite>